<?xml version="1.0" encoding="UTF-8"?>
<testng-results total="2" passed="1" failed="1" skipped="0">
  <reporter-output>
  </reporter-output>
  <suite started-at="2022-06-03T15:16:56Z" name="Suite" finished-at="2022-06-03T15:18:43Z" duration-ms="107660">
    <groups>
    </groups>
    <test started-at="2022-06-03T15:16:56Z" name="Test1" finished-at="2022-06-03T15:18:43Z" duration-ms="107660">
      <class name="testCases.Login_001">
        <test-method is-config="true" signature="setUp(java.lang.String)[pri:0, instance:testCases.Login_001@5be49b60]" started-at="2022-06-03T20:46:56Z" name="setUp" finished-at="2022-06-03T20:47:01Z" duration-ms="4951" status="PASS">
          <params>
            <param index="0">
              <value>
                <![CDATA[chrome]]>
              </value>
            </param>
          </params>
          <reporter-output>
          </reporter-output>
        </test-method> <!-- setUp -->
        <test-method signature="LoginTest()[pri:0, instance:testCases.Login_001@5be49b60]" started-at="2022-06-03T20:47:01Z" name="LoginTest" finished-at="2022-06-03T20:47:39Z" duration-ms="37990" status="FAIL">
          <exception class="java.lang.AssertionError">
            <message>
              <![CDATA[null]]>
            </message>
            <full-stacktrace>
              <![CDATA[java.lang.AssertionError: null
	at org.testng.Assert.fail(Assert.java:94)
	at org.testng.Assert.fail(Assert.java:101)
	at utilities.PerformAction.waitForWebElement(PerformAction.java:127)
	at pageObjects.LoginPage.Login(LoginPage.java:54)
	at testCases.Login_001.LoginTest(Login_001.java:17)
	at java.base/jdk.internal.reflect.NativeMethodAccessorImpl.invoke0(Native Method)
	at java.base/jdk.internal.reflect.NativeMethodAccessorImpl.invoke(NativeMethodAccessorImpl.java:62)
	at java.base/jdk.internal.reflect.DelegatingMethodAccessorImpl.invoke(DelegatingMethodAccessorImpl.java:43)
	at java.base/java.lang.reflect.Method.invoke(Method.java:566)
	at org.testng.internal.MethodInvocationHelper.invokeMethod(MethodInvocationHelper.java:85)
	at org.testng.internal.Invoker.invokeMethod(Invoker.java:639)
	at org.testng.internal.Invoker.invokeTestMethod(Invoker.java:816)
	at org.testng.internal.Invoker.invokeTestMethods(Invoker.java:1124)
	at org.testng.internal.TestMethodWorker.invokeTestMethods(TestMethodWorker.java:125)
	at org.testng.internal.TestMethodWorker.run(TestMethodWorker.java:108)
	at org.testng.TestRunner.privateRun(TestRunner.java:774)
	at org.testng.TestRunner.run(TestRunner.java:624)
	at org.testng.SuiteRunner.runTest(SuiteRunner.java:359)
	at org.testng.SuiteRunner.runSequentially(SuiteRunner.java:354)
	at org.testng.SuiteRunner.privateRun(SuiteRunner.java:312)
	at org.testng.SuiteRunner.run(SuiteRunner.java:261)
	at org.testng.SuiteRunnerWorker.runSuite(SuiteRunnerWorker.java:52)
	at org.testng.SuiteRunnerWorker.run(SuiteRunnerWorker.java:86)
	at org.testng.TestNG.runSuitesSequentially(TestNG.java:1191)
	at org.testng.TestNG.runSuitesLocally(TestNG.java:1116)
	at org.testng.TestNG.run(TestNG.java:1024)
	at org.apache.maven.surefire.testng.TestNGExecutor.run(TestNGExecutor.java:324)
	at org.apache.maven.surefire.testng.TestNGXmlTestSuite.execute(TestNGXmlTestSuite.java:74)
	at org.apache.maven.surefire.testng.TestNGProvider.invoke(TestNGProvider.java:123)
	at org.apache.maven.surefire.booter.ForkedBooter.runSuitesInProcess(ForkedBooter.java:456)
	at org.apache.maven.surefire.booter.ForkedBooter.execute(ForkedBooter.java:169)
	at org.apache.maven.surefire.booter.ForkedBooter.run(ForkedBooter.java:595)
	at org.apache.maven.surefire.booter.ForkedBooter.main(ForkedBooter.java:581)
]]>
            </full-stacktrace>
          </exception> <!-- java.lang.AssertionError -->
          <reporter-output>
          </reporter-output>
        </test-method> <!-- LoginTest -->
        <test-method is-config="true" signature="tearDown()[pri:0, instance:testCases.Login_001@5be49b60]" started-at="2022-06-03T20:47:39Z" name="tearDown" finished-at="2022-06-03T20:47:52Z" duration-ms="12752" status="PASS">
          <reporter-output>
          </reporter-output>
        </test-method> <!-- tearDown -->
      </class> <!-- testCases.Login_001 -->
      <class name="testCases.AddCustormer_002">
        <test-method is-config="true" signature="setUp(java.lang.String)[pri:0, instance:testCases.AddCustormer_002@2931522b]" started-at="2022-06-03T20:47:52Z" name="setUp" finished-at="2022-06-03T20:47:56Z" duration-ms="4291" status="PASS">
          <params>
            <param index="0">
              <value>
                <![CDATA[chrome]]>
              </value>
            </param>
          </params>
          <reporter-output>
          </reporter-output>
        </test-method> <!-- setUp -->
        <test-method signature="AddCustormer()[pri:0, instance:testCases.AddCustormer_002@2931522b]" started-at="2022-06-03T20:47:56Z" name="AddCustormer" finished-at="2022-06-03T20:48:30Z" duration-ms="33746" status="PASS">
          <reporter-output>
          </reporter-output>
        </test-method> <!-- AddCustormer -->
        <test-method is-config="true" signature="tearDown()[pri:0, instance:testCases.AddCustormer_002@2931522b]" started-at="2022-06-03T20:48:30Z" name="tearDown" finished-at="2022-06-03T20:48:43Z" duration-ms="13219" status="PASS">
          <reporter-output>
          </reporter-output>
        </test-method> <!-- tearDown -->
      </class> <!-- testCases.AddCustormer_002 -->
    </test> <!-- Test1 -->
  </suite> <!-- Suite -->
</testng-results>
